SF:lib/src/core/logger/in_app_logger.dart
DA:11,4
LF:1
LH:1
end_of_record
SF:lib/src/core/logger/in_app_logger_data.dart
DA:24,2
LF:1
LH:1
end_of_record
SF:lib/src/core/console/in_app_console.dart
DA:21,6
DA:25,4
LF:2
LH:2
end_of_record
SF:lib/src/impl/console/in_app_console_impl.dart
DA:37,2
DA:38,4
DA:40,2
DA:41,2
DA:51,2
DA:53,6
DA:57,6
DA:58,6
DA:63,4
DA:64,4
DA:67,2
DA:69,6
DA:76,2
DA:78,6
DA:81,6
DA:83,6
DA:84,2
DA:91,1
DA:94,1
DA:96,0
DA:97,0
DA:98,0
DA:107,0
DA:109,0
DA:112,2
DA:114,4
DA:118,1
DA:120,1
DA:122,0
DA:124,0
DA:136,2
DA:137,2
DA:142,2
DA:143,2
DA:146,2
DA:149,2
DA:155,2
DA:156,8
DA:157,6
DA:158,6
DA:159,6
DA:162,4
DA:164,2
DA:165,6
DA:168,6
DA:170,2
DA:171,1
DA:172,4
DA:175,2
DA:177,3
DA:178,2
DA:179,2
DA:183,2
DA:185,2
LF:54
LH:47
end_of_record
SF:lib/src/impl/logger/in_app_logger_impl.dart
DA:12,2
DA:13,4
DA:15,1
DA:16,1
DA:18,2
DA:20,6
DA:22,2
DA:24,6
DA:27,2
DA:30,6
DA:32,2
DA:36,6
DA:39,2
DA:42,6
DA:44,2
DA:48,6
DA:51,2
DA:53,2
LF:18
LH:18
end_of_record
SF:lib/src/ui/in_app_console_screen.dart
DA:11,1
DA:13,1
DA:15,1
DA:17,1
DA:23,1
DA:25,1
DA:27,1
DA:29,1
DA:35,1
DA:37,1
DA:39,1
DA:41,1
DA:47,1
DA:49,1
DA:51,1
DA:53,1
DA:59,1
DA:61,1
DA:63,1
DA:65,1
DA:71,0
DA:72,0
DA:73,0
DA:74,0
DA:75,0
DA:77,0
DA:78,0
DA:79,0
DA:81,0
DA:82,0
DA:83,0
DA:86,0
DA:87,0
DA:93,1
DA:94,4
DA:95,3
DA:96,3
DA:97,3
DA:114,2
DA:116,0
DA:117,0
DA:138,0
DA:140,0
DA:142,0
DA:145,0
DA:146,0
DA:147,0
DA:148,0
DA:151,0
DA:155,0
DA:156,0
DA:157,0
DA:158,0
DA:163,0
DA:165,0
DA:166,0
DA:167,0
DA:168,0
DA:171,0
DA:172,0
DA:173,0
DA:174,0
DA:176,0
DA:177,0
DA:179,0
DA:180,0
DA:181,0
DA:182,0
DA:183,0
DA:186,0
DA:187,0
DA:188,0
DA:189,0
DA:193,0
DA:194,0
DA:195,0
DA:196,0
DA:198,0
DA:203,0
DA:204,0
DA:205,0
DA:206,0
DA:207,0
DA:208,0
DA:213,0
DA:214,0
DA:215,0
DA:219,0
DA:220,0
DA:221,0
DA:222,0
DA:226,0
DA:227,0
DA:230,0
DA:231,0
DA:232,0
DA:233,0
DA:238,0
DA:240,0
DA:242,0
DA:243,0
DA:245,0
DA:246,0
DA:248,0
DA:251,0
DA:253,0
DA:258,0
DA:259,0
DA:261,0
DA:262,0
DA:264,0
DA:265,0
DA:266,0
DA:267,0
DA:270,0
DA:271,0
DA:272,0
DA:273,0
DA:274,0
DA:275,0
DA:276,0
DA:279,0
DA:280,0
DA:282,0
DA:286,0
DA:287,0
DA:300,0
DA:302,0
DA:309,0
DA:311,0
DA:312,0
DA:315,0
DA:317,0
DA:319,0
DA:320,0
DA:321,0
DA:322,0
DA:323,0
DA:325,0
DA:330,0
DA:331,0
DA:332,0
DA:333,0
DA:334,0
DA:335,0
DA:337,0
DA:338,0
DA:345,0
DA:347,0
DA:348,0
DA:349,0
DA:350,0
DA:351,0
DA:360,0
DA:361,0
DA:363,0
DA:364,0
DA:365,0
DA:366,0
DA:367,0
DA:368,0
DA:370,0
DA:371,0
DA:372,0
DA:390,0
DA:397,0
DA:399,0
DA:400,0
DA:408,0
DA:409,0
DA:410,0
DA:413,0
DA:415,0
DA:417,0
DA:418,0
DA:419,0
DA:425,0
DA:426,0
DA:427,0
DA:428,0
DA:433,0
DA:434,0
DA:438,0
DA:439,0
DA:440,0
DA:445,0
DA:446,0
DA:452,0
DA:454,0
DA:456,0
DA:457,0
DA:458,0
DA:460,0
DA:461,0
DA:462,0
DA:463,0
DA:466,0
DA:468,0
DA:469,0
DA:470,0
DA:475,0
DA:476,0
DA:478,0
DA:479,0
DA:480,0
DA:481,0
DA:486,0
DA:487,0
DA:488,0
DA:490,0
DA:491,0
DA:492,0
DA:500,0
DA:501,0
DA:502,0
DA:503,0
DA:511,0
DA:512,0
DA:518,0
DA:519,0
DA:520,0
DA:521,0
DA:523,0
DA:524,0
DA:525,0
DA:527,0
DA:534,0
DA:535,0
DA:539,0
DA:541,0
DA:542,0
DA:543,0
DA:545,0
DA:546,0
DA:555,0
DA:557,0
DA:572,0
DA:577,0
DA:578,0
DA:581,0
DA:582,0
DA:584,0
DA:585,0
DA:593,0
DA:596,0
DA:597,0
DA:598,0
DA:599,0
DA:601,0
DA:610,0
DA:612,0
DA:613,0
DA:614,0
DA:615,0
DA:617,0
DA:618,0
DA:620,0
DA:625,0
DA:627,0
DA:629,0
DA:630,0
DA:631,0
DA:633,0
DA:635,0
DA:636,0
DA:637,0
DA:639,0
DA:640,0
DA:642,0
DA:644,0
LF:270
LH:26
end_of_record
